<?xml version="1.0" encoding="UTF-8"?>
<testng-results skipped="0" failed="0" ignored="0" total="1" passed="1">
  <reporter-output>
  </reporter-output>
  <suite name="Rest API Automation" duration-ms="1592" started-at="2020-05-27T20:09:05 EDT" finished-at="2020-05-27T20:09:07 EDT">
    <groups>
    </groups>
    <test name="Ecommerce Home" duration-ms="1592" started-at="2020-05-27T20:09:05 EDT" finished-at="2020-05-27T20:09:07 EDT">
      <class name="CreateIssueTest">
        <test-method status="PASS" signature="createIssue()[pri:0, instance:CreateIssueTest@2d3fcdbd]" name="createIssue" duration-ms="1563" started-at="2020-05-27T20:09:05 EDT" finished-at="2020-05-27T20:09:07 EDT">
          <reporter-output>
          </reporter-output>
        </test-method> <!-- createIssue -->
      </class> <!-- CreateIssueTest -->
    </test> <!-- Ecommerce Home -->
  </suite> <!-- Rest API Automation -->
</testng-results>
